2014-02-13 14:29:01 SELECT sm.* FROM admin_users sm LEFT JOIN admin_roles pages ON pages.userid=sm.id WHERE sm.username="admin"  LIMIT 1
2014-02-13 14:31:48 SELECT sm.* FROM admin_users sm LEFT JOIN admin_roles pages ON pages.userid=sm.id WHERE sm.username="admin"  LIMIT 1
2014-02-13 14:32:36 SELECT sm.* FROM admin_users sm LEFT JOIN admin_roles pages ON pages.userid=sm.id WHERE sm.username="admin"  LIMIT 1
2014-02-13 14:34:25 SELECT sm.* FROM admin_users sm LEFT JOIN admin_roles pages ON pages.userid=sm.id WHERE sm.username="admin"  LIMIT 1
2014-02-13 14:37:15 SELECT sm.* FROM admin_users sm LEFT JOIN admin_roles pages ON pages.userid=sm.id WHERE sm.username="admin"  LIMIT 1
2014-02-13 14:37:39 SELECT sm.* FROM admin_users sm LEFT JOIN admin_roles pages ON pages.userid=sm.id WHERE sm.username="admin"  LIMIT 1
2014-02-13 14:39:25 SELECT sm.* FROM admin_users sm LEFT JOIN admin_roles pages ON pages.userid=sm.id WHERE sm.username="admin"  LIMIT 1
2014-02-13 14:41:58 SELECT sm.* FROM admin_users sm LEFT JOIN admin_roles pages ON pages.userid=sm.id WHERE sm.username="admin"  LIMIT 1
2014-02-13 14:42:19 SELECT sm.* FROM admin_users sm LEFT JOIN admin_roles pages ON pages.userid=sm.id WHERE sm.username="admin"  LIMIT 1
2014-02-13 14:43:20 SELECT sm.* FROM admin_users sm LEFT JOIN admin_roles pages ON pages.userid=sm.id WHERE sm.username="admin"  LIMIT 1
2014-02-13 14:44:31 SELECT sm.* FROM admin_users sm LEFT JOIN admin_roles pages ON pages.userid=sm.id WHERE sm.username="admin"  LIMIT 1
2014-02-13 14:46:52 SELECT sm.* FROM admin_users sm LEFT JOIN admin_roles pages ON pages.userid=sm.id WHERE sm.username="admin"  LIMIT 1
2014-02-13 14:47:03 SELECT sm.* FROM admin_users sm LEFT JOIN admin_roles pages ON pages.userid=sm.id WHERE sm.username="admindg"  LIMIT 1
2014-02-13 14:47:13 SELECT sm.* FROM admin_users sm LEFT JOIN admin_roles pages ON pages.userid=sm.id WHERE sm.username="dfdf"  LIMIT 1
2014-02-13 14:47:58 SELECT sm.* FROM admin_users sm LEFT JOIN admin_roles pages ON pages.userid=sm.id WHERE sm.username="rtrt"  LIMIT 1
2014-02-13 14:48:10 SELECT sm.* FROM admin_users sm LEFT JOIN admin_roles pages ON pages.userid=sm.id WHERE sm.username="rtrt"  LIMIT 1
2014-02-13 14:49:08 SELECT sm.* FROM admin_users sm LEFT JOIN admin_roles pages ON pages.userid=sm.id WHERE sm.username="vv"  LIMIT 1
2014-02-13 14:52:38 SELECT sm.* FROM admin_users sm LEFT JOIN admin_roles pages ON pages.userid=sm.id WHERE sm.username="admin"  LIMIT 1
2014-02-13 14:53:38 SELECT sm.* FROM admin_users sm LEFT JOIN admin_roles pages ON pages.userid=sm.id WHERE sm.username="asdqwe"  LIMIT 1
2014-02-13 14:55:03 SELECT sm.* FROM admin_users sm LEFT JOIN admin_roles pages ON pages.userid=sm.id WHERE sm.username="asdqwe"  LIMIT 1
2014-02-13 14:55:20 SELECT sm.* FROM admin_users sm LEFT JOIN admin_roles pages ON pages.userid=sm.id WHERE sm.username="asdqwe"  LIMIT 1
2014-02-13 14:55:20 can login
2014-02-13 14:55:20 Able to login BEAT
2014-02-13 14:55:28 
			SELECT sm.id,sm.name,sm.last_name,sm.img,sm.sex,sm.username,sm.nickname,sm.register_date,sm.StreetName,sm.phone_number,sm.email,sm.last_login,sm.n_status,sm.sex,sm.birthday,cityref.city as cityname,sm.small_img ,sm.description , pagestype.name role, pages.type roletype
			FROM admin_users sm
			LEFT JOIN admin_city_reference cityref ON sm.city = cityref.id
			LEFT JOIN my_pages pages ON sm.id = pages.ownerid
			LEFT JOIN my_pages_type pagestype ON pages.type = pagestype.id
			WHERE sm.id = 218 LIMIT 1
2014-02-13 14:56:01 SELECT sm.* FROM admin_users sm LEFT JOIN admin_roles pages ON pages.userid=sm.id WHERE sm.username="admin"  LIMIT 1
2014-02-13 14:56:45 SELECT sm.* FROM admin_users sm LEFT JOIN admin_roles pages ON pages.userid=sm.id WHERE sm.username="asdqwe"  LIMIT 1
2014-02-13 14:56:45 can login
2014-02-13 14:56:45 Able to login BEAT
2014-02-13 14:57:10 SELECT sm.* FROM admin_users sm LEFT JOIN admin_roles pages ON pages.userid=sm.id WHERE sm.username="asdqwe"  LIMIT 1
2014-02-13 14:57:10 can login
2014-02-13 14:57:10 Able to login BEAT
2014-02-13 14:57:24 SELECT sm.* FROM admin_users sm LEFT JOIN admin_roles pages ON pages.userid=sm.id WHERE sm.username="asdqwe"  LIMIT 1
2014-02-13 14:57:24 can login
2014-02-13 14:57:24 Able to login BEAT
2014-02-13 14:58:00 SELECT sm.* FROM admin_users sm LEFT JOIN admin_roles pages ON pages.userid=sm.id WHERE sm.username="asdqwe"  LIMIT 1
2014-02-13 14:58:00 can login
2014-02-13 14:58:00 Able to login BEAT
2014-02-13 15:02:04 SELECT sm.* FROM admin_users sm LEFT JOIN admin_roles pages ON pages.userid=sm.id WHERE sm.username="asdqwe"  LIMIT 1
2014-02-13 15:02:04 can login
2014-02-13 15:02:04 Able to login BEAT
2014-02-13 15:02:30 SELECT sm.* FROM admin_users sm LEFT JOIN admin_roles pages ON pages.userid=sm.id WHERE sm.username="asdqwe"  LIMIT 1
2014-02-13 15:02:30 can login
2014-02-13 15:02:30 Able to login BEAT
2014-02-13 15:03:15 SELECT sm.* FROM admin_users sm LEFT JOIN admin_roles pages ON pages.userid=sm.id WHERE sm.username="asdqwe"  LIMIT 1
2014-02-13 15:03:15 can login
2014-02-13 15:03:15 Able to login BEAT
2014-02-13 15:07:03 SELECT sm.* FROM admin_users sm LEFT JOIN admin_roles pages ON pages.userid=sm.id WHERE sm.username="asdqwe"  LIMIT 1
2014-02-13 15:07:03 can login
2014-02-13 15:07:03 Able to login BEAT
2014-02-13 15:07:13 SELECT sm.* FROM admin_users sm LEFT JOIN admin_roles pages ON pages.userid=sm.id WHERE sm.username="asdqwe"  LIMIT 1
2014-02-13 15:07:13 can login
2014-02-13 15:07:13 Able to login BEAT
2014-02-13 15:07:21 
			SELECT sm.id,sm.name,sm.last_name,sm.img,sm.sex,sm.username,sm.nickname,sm.register_date,sm.StreetName,sm.phone_number,sm.email,sm.last_login,sm.n_status,sm.sex,sm.birthday,cityref.city as cityname,sm.small_img ,sm.description , pagestype.name role, pages.type roletype
			FROM admin_users sm
			LEFT JOIN admin_city_reference cityref ON sm.city = cityref.id
			LEFT JOIN my_pages pages ON sm.id = pages.ownerid
			LEFT JOIN my_pages_type pagestype ON pages.type = pagestype.id
			WHERE sm.id = 218 LIMIT 1
2014-02-13 15:07:56 SELECT sm.* FROM admin_users sm LEFT JOIN admin_roles pages ON pages.userid=sm.id WHERE sm.username="asdqwe"  LIMIT 1
2014-02-13 15:07:56 can login
2014-02-13 15:07:56 Able to login BEAT
2014-02-13 15:08:10 SELECT sm.* FROM admin_users sm LEFT JOIN admin_roles pages ON pages.userid=sm.id WHERE sm.username="asdqwe"  LIMIT 1
2014-02-13 15:08:10 can login
2014-02-13 15:08:10 Able to login BEAT
2014-02-13 15:08:14 
			SELECT sm.id,sm.name,sm.last_name,sm.img,sm.sex,sm.username,sm.nickname,sm.register_date,sm.StreetName,sm.phone_number,sm.email,sm.last_login,sm.n_status,sm.sex,sm.birthday,cityref.city as cityname,sm.small_img ,sm.description , pagestype.name role, pages.type roletype
			FROM admin_users sm
			LEFT JOIN admin_city_reference cityref ON sm.city = cityref.id
			LEFT JOIN my_pages pages ON sm.id = pages.ownerid
			LEFT JOIN my_pages_type pagestype ON pages.type = pagestype.id
			WHERE sm.id = 218 LIMIT 1
2014-02-13 15:10:37 
			SELECT sm.id,sm.name,sm.last_name,sm.img,sm.sex,sm.username,sm.nickname,sm.register_date,sm.StreetName,sm.phone_number,sm.email,sm.last_login,sm.n_status,sm.sex,sm.birthday,cityref.city as cityname,sm.small_img ,sm.description , pagestype.name role, pages.type roletype
			FROM admin_users sm
			LEFT JOIN admin_city_reference cityref ON sm.city = cityref.id
			LEFT JOIN my_pages pages ON sm.id = pages.ownerid
			LEFT JOIN my_pages_type pagestype ON pages.type = pagestype.id
			WHERE sm.id = 218 LIMIT 1
2014-02-13 15:10:59 
			SELECT sm.id,sm.name,sm.last_name,sm.img,sm.sex,sm.username,sm.nickname,sm.register_date,sm.StreetName,sm.phone_number,sm.email,sm.last_login,sm.n_status,sm.sex,sm.birthday,cityref.city as cityname,sm.small_img ,sm.description , pagestype.name role, pages.type roletype
			FROM admin_users sm
			LEFT JOIN admin_city_reference cityref ON sm.city = cityref.id
			LEFT JOIN my_pages pages ON sm.id = pages.ownerid
			LEFT JOIN my_pages_type pagestype ON pages.type = pagestype.id
			WHERE sm.id = 218 LIMIT 1
2014-02-13 15:12:03 
			SELECT sm.id,sm.name,sm.last_name,sm.img,sm.sex,sm.username,sm.nickname,sm.register_date,sm.StreetName,sm.phone_number,sm.email,sm.last_login,sm.n_status,sm.sex,sm.birthday,cityref.city as cityname,sm.small_img ,sm.description , pagestype.name role, pages.type roletype
			FROM admin_users sm
			LEFT JOIN admin_city_reference cityref ON sm.city = cityref.id
			LEFT JOIN my_pages pages ON sm.id = pages.ownerid
			LEFT JOIN my_pages_type pagestype ON pages.type = pagestype.id
			WHERE sm.id = 218 LIMIT 1
2014-02-13 15:12:11 
			SELECT sm.id,sm.name,sm.last_name,sm.img,sm.sex,sm.username,sm.nickname,sm.register_date,sm.StreetName,sm.phone_number,sm.email,sm.last_login,sm.n_status,sm.sex,sm.birthday,cityref.city as cityname,sm.small_img ,sm.description , pagestype.name role, pages.type roletype
			FROM admin_users sm
			LEFT JOIN admin_city_reference cityref ON sm.city = cityref.id
			LEFT JOIN my_pages pages ON sm.id = pages.ownerid
			LEFT JOIN my_pages_type pagestype ON pages.type = pagestype.id
			WHERE sm.id = 218 LIMIT 1
2014-02-13 15:12:31 
			SELECT sm.id,sm.name,sm.last_name,sm.img,sm.sex,sm.username,sm.nickname,sm.register_date,sm.StreetName,sm.phone_number,sm.email,sm.last_login,sm.n_status,sm.sex,sm.birthday,cityref.city as cityname,sm.small_img ,sm.description , pagestype.name role, pages.type roletype
			FROM admin_users sm
			LEFT JOIN admin_city_reference cityref ON sm.city = cityref.id
			LEFT JOIN my_pages pages ON sm.id = pages.ownerid
			LEFT JOIN my_pages_type pagestype ON pages.type = pagestype.id
			WHERE sm.id = 218 LIMIT 1
2014-02-13 15:13:34 
			SELECT sm.id,sm.name,sm.last_name,sm.img,sm.sex,sm.username,sm.nickname,sm.register_date,sm.StreetName,sm.phone_number,sm.email,sm.last_login,sm.n_status,sm.sex,sm.birthday,cityref.city as cityname,sm.small_img ,sm.description , pagestype.name role, pages.type roletype
			FROM admin_users sm
			LEFT JOIN admin_city_reference cityref ON sm.city = cityref.id
			LEFT JOIN my_pages pages ON sm.id = pages.ownerid
			LEFT JOIN my_pages_type pagestype ON pages.type = pagestype.id
			WHERE sm.id = 218 LIMIT 1
2014-02-13 15:14:00 
			SELECT sm.id,sm.name,sm.last_name,sm.img,sm.sex,sm.username,sm.nickname,sm.register_date,sm.StreetName,sm.phone_number,sm.email,sm.last_login,sm.n_status,sm.sex,sm.birthday,cityref.city as cityname,sm.small_img ,sm.description , pagestype.name role, pages.type roletype
			FROM admin_users sm
			LEFT JOIN admin_city_reference cityref ON sm.city = cityref.id
			LEFT JOIN my_pages pages ON sm.id = pages.ownerid
			LEFT JOIN my_pages_type pagestype ON pages.type = pagestype.id
			WHERE sm.id = 218 LIMIT 1
2014-02-13 15:17:53 
			SELECT sm.id,sm.name,sm.last_name,sm.img,sm.sex,sm.username,sm.nickname,sm.register_date,sm.StreetName,sm.phone_number,sm.email,sm.last_login,sm.n_status,sm.sex,sm.birthday,cityref.city as cityname,sm.small_img ,sm.description , pagestype.name role, pages.type roletype
			FROM admin_users sm
			LEFT JOIN admin_city_reference cityref ON sm.city = cityref.id
			LEFT JOIN my_pages pages ON sm.id = pages.ownerid
			LEFT JOIN my_pages_type pagestype ON pages.type = pagestype.id
			WHERE sm.id = 218 LIMIT 1
2014-02-13 15:17:57 
			SELECT sm.id,sm.name,sm.last_name,sm.img,sm.sex,sm.username,sm.nickname,sm.register_date,sm.StreetName,sm.phone_number,sm.email,sm.last_login,sm.n_status,sm.sex,sm.birthday,cityref.city as cityname,sm.small_img ,sm.description , pagestype.name role, pages.type roletype
			FROM admin_users sm
			LEFT JOIN admin_city_reference cityref ON sm.city = cityref.id
			LEFT JOIN my_pages pages ON sm.id = pages.ownerid
			LEFT JOIN my_pages_type pagestype ON pages.type = pagestype.id
			WHERE sm.id = 218 LIMIT 1
2014-02-13 15:18:04 
			SELECT sm.id,sm.name,sm.last_name,sm.img,sm.sex,sm.username,sm.nickname,sm.register_date,sm.StreetName,sm.phone_number,sm.email,sm.last_login,sm.n_status,sm.sex,sm.birthday,cityref.city as cityname,sm.small_img ,sm.description , pagestype.name role, pages.type roletype
			FROM admin_users sm
			LEFT JOIN admin_city_reference cityref ON sm.city = cityref.id
			LEFT JOIN my_pages pages ON sm.id = pages.ownerid
			LEFT JOIN my_pages_type pagestype ON pages.type = pagestype.id
			WHERE sm.id = 218 LIMIT 1
2014-02-13 15:18:09 
			SELECT sm.id,sm.name,sm.last_name,sm.img,sm.sex,sm.username,sm.nickname,sm.register_date,sm.StreetName,sm.phone_number,sm.email,sm.last_login,sm.n_status,sm.sex,sm.birthday,cityref.city as cityname,sm.small_img ,sm.description , pagestype.name role, pages.type roletype
			FROM admin_users sm
			LEFT JOIN admin_city_reference cityref ON sm.city = cityref.id
			LEFT JOIN my_pages pages ON sm.id = pages.ownerid
			LEFT JOIN my_pages_type pagestype ON pages.type = pagestype.id
			WHERE sm.id = 218 LIMIT 1
2014-02-13 15:18:14 
			SELECT sm.id,sm.name,sm.last_name,sm.img,sm.sex,sm.username,sm.nickname,sm.register_date,sm.StreetName,sm.phone_number,sm.email,sm.last_login,sm.n_status,sm.sex,sm.birthday,cityref.city as cityname,sm.small_img ,sm.description , pagestype.name role, pages.type roletype
			FROM admin_users sm
			LEFT JOIN admin_city_reference cityref ON sm.city = cityref.id
			LEFT JOIN my_pages pages ON sm.id = pages.ownerid
			LEFT JOIN my_pages_type pagestype ON pages.type = pagestype.id
			WHERE sm.id = 218 LIMIT 1
2014-02-13 16:48:05 
			SELECT sm.id,sm.name,sm.last_name,sm.img,sm.sex,sm.username,sm.nickname,sm.register_date,sm.StreetName,sm.phone_number,sm.email,sm.last_login,sm.n_status,sm.sex,sm.birthday,cityref.city as cityname,sm.small_img ,sm.description , pagestype.name role, pages.type roletype
			FROM admin_users sm
			LEFT JOIN admin_city_reference cityref ON sm.city = cityref.id
			LEFT JOIN my_pages pages ON sm.id = pages.ownerid
			LEFT JOIN my_pages_type pagestype ON pages.type = pagestype.id
			WHERE sm.id = 218 LIMIT 1
2014-02-13 16:48:28 
			SELECT sm.id,sm.name,sm.last_name,sm.img,sm.sex,sm.username,sm.nickname,sm.register_date,sm.StreetName,sm.phone_number,sm.email,sm.last_login,sm.n_status,sm.sex,sm.birthday,cityref.city as cityname,sm.small_img ,sm.description , pagestype.name role, pages.type roletype
			FROM admin_users sm
			LEFT JOIN admin_city_reference cityref ON sm.city = cityref.id
			LEFT JOIN my_pages pages ON sm.id = pages.ownerid
			LEFT JOIN my_pages_type pagestype ON pages.type = pagestype.id
			WHERE sm.id = 218 LIMIT 1
2014-02-13 16:49:21 
			SELECT sm.id,sm.name,sm.last_name,sm.img,sm.sex,sm.username,sm.nickname,sm.register_date,sm.StreetName,sm.phone_number,sm.email,sm.last_login,sm.n_status,sm.sex,sm.birthday,cityref.city as cityname,sm.small_img ,sm.description , pagestype.name role, pages.type roletype
			FROM admin_users sm
			LEFT JOIN admin_city_reference cityref ON sm.city = cityref.id
			LEFT JOIN my_pages pages ON sm.id = pages.ownerid
			LEFT JOIN my_pages_type pagestype ON pages.type = pagestype.id
			WHERE sm.id = 218 LIMIT 1
2014-02-13 16:49:25 
			SELECT sm.id,sm.name,sm.last_name,sm.img,sm.sex,sm.username,sm.nickname,sm.register_date,sm.StreetName,sm.phone_number,sm.email,sm.last_login,sm.n_status,sm.sex,sm.birthday,cityref.city as cityname,sm.small_img ,sm.description , pagestype.name role, pages.type roletype
			FROM admin_users sm
			LEFT JOIN admin_city_reference cityref ON sm.city = cityref.id
			LEFT JOIN my_pages pages ON sm.id = pages.ownerid
			LEFT JOIN my_pages_type pagestype ON pages.type = pagestype.id
			WHERE sm.id = 218 LIMIT 1
2014-02-13 16:49:29 
			SELECT sm.id,sm.name,sm.last_name,sm.img,sm.sex,sm.username,sm.nickname,sm.register_date,sm.StreetName,sm.phone_number,sm.email,sm.last_login,sm.n_status,sm.sex,sm.birthday,cityref.city as cityname,sm.small_img ,sm.description , pagestype.name role, pages.type roletype
			FROM admin_users sm
			LEFT JOIN admin_city_reference cityref ON sm.city = cityref.id
			LEFT JOIN my_pages pages ON sm.id = pages.ownerid
			LEFT JOIN my_pages_type pagestype ON pages.type = pagestype.id
			WHERE sm.id = 218 LIMIT 1
2014-02-13 16:49:34 
			SELECT sm.id,sm.name,sm.last_name,sm.img,sm.sex,sm.username,sm.nickname,sm.register_date,sm.StreetName,sm.phone_number,sm.email,sm.last_login,sm.n_status,sm.sex,sm.birthday,cityref.city as cityname,sm.small_img ,sm.description , pagestype.name role, pages.type roletype
			FROM admin_users sm
			LEFT JOIN admin_city_reference cityref ON sm.city = cityref.id
			LEFT JOIN my_pages pages ON sm.id = pages.ownerid
			LEFT JOIN my_pages_type pagestype ON pages.type = pagestype.id
			WHERE sm.id = 218 LIMIT 1
2014-02-13 16:51:35 
			SELECT sm.id,sm.name,sm.last_name,sm.img,sm.sex,sm.username,sm.nickname,sm.register_date,sm.StreetName,sm.phone_number,sm.email,sm.last_login,sm.n_status,sm.sex,sm.birthday,cityref.city as cityname,sm.small_img ,sm.description , pagestype.name role, pages.type roletype
			FROM admin_users sm
			LEFT JOIN admin_city_reference cityref ON sm.city = cityref.id
			LEFT JOIN my_pages pages ON sm.id = pages.ownerid
			LEFT JOIN my_pages_type pagestype ON pages.type = pagestype.id
			WHERE sm.id = 218 LIMIT 1
2014-02-13 16:53:33 
			SELECT sm.id,sm.name,sm.last_name,sm.img,sm.sex,sm.username,sm.nickname,sm.register_date,sm.StreetName,sm.phone_number,sm.email,sm.last_login,sm.n_status,sm.sex,sm.birthday,cityref.city as cityname,sm.small_img ,sm.description , pagestype.name role, pages.type roletype
			FROM admin_users sm
			LEFT JOIN admin_city_reference cityref ON sm.city = cityref.id
			LEFT JOIN my_pages pages ON sm.id = pages.ownerid
			LEFT JOIN my_pages_type pagestype ON pages.type = pagestype.id
			WHERE sm.id = 218 LIMIT 1
2014-02-13 16:54:34 
			SELECT sm.id,sm.name,sm.last_name,sm.img,sm.sex,sm.username,sm.nickname,sm.register_date,sm.StreetName,sm.phone_number,sm.email,sm.last_login,sm.n_status,sm.sex,sm.birthday,cityref.city as cityname,sm.small_img ,sm.description , pagestype.name role, pages.type roletype
			FROM admin_users sm
			LEFT JOIN admin_city_reference cityref ON sm.city = cityref.id
			LEFT JOIN my_pages pages ON sm.id = pages.ownerid
			LEFT JOIN my_pages_type pagestype ON pages.type = pagestype.id
			WHERE sm.id = 218 LIMIT 1
